|SourceProjectName:LangForgePractice.hpr
|DestinationProjectName:index.htm
index_hha.hhk
index.hhc
index.hhk
Concepts\Accounts.htm
Concepts\Activity.htm
Concepts\Breadcrumbs.htm
Concepts\Concepts_overview.htm
Concepts\Dashboard.htm
Concepts\Fields.htm
Concepts\FieldWorks_Language_Explorer.htm
Concepts\Input_System.htm
Concepts\My_Projects.htm
Concepts\Roles.htm
Concepts\Save.htm
Concepts\Send_Receive.htm
Concepts\Views.htm
Language_Forge_Tasks\Contributor_tasks\Add_a_word.htm
Language_Forge_Tasks\Contributor_tasks\Contributor_tasks_overview.htm
Language_Forge_Tasks\Contributor_tasks\Delete_an_entry.htm
Language_Forge_Tasks\Language_Forge_tasks_overview.htm
Language_Forge_Tasks\Manager_tasks\Manager_tasks_overview.htm
Language_Forge_Tasks\Manager_tasks\Use_Send_Receive.htm
Language_Forge_Tasks\Manger_and_Proj_Owner_tasks\Dictionary_Configuration\Dictionary_Configuration_overview.htm
Language_Forge_Tasks\Manger_and_Proj_Owner_tasks\Dictionary_Configuration\Fields_tab_tasks\Change_the_setup_of_a_field.htm
Language_Forge_Tasks\Manger_and_Proj_Owner_tasks\Dictionary_Configuration\Fields_tab_tasks\Edit_Input_Systems.htm
Language_Forge_Tasks\Manger_and_Proj_Owner_tasks\Dictionary_Configuration\Fields_tab_tasks\Fields_tab_tasks_overview.htm
Language_Forge_Tasks\Manger_and_Proj_Owner_tasks\Dictionary_Configuration\Input_Systems_tab_tasks\Add_new_Input_System.htm
Language_Forge_Tasks\Manger_and_Proj_Owner_tasks\Dictionary_Configuration\Input_Systems_tab_tasks\Choose_a_language_tag.htm
Language_Forge_Tasks\Manger_and_Proj_Owner_tasks\Dictionary_Configuration\Input_Systems_tab_tasks\Delete_a_language.htm
Language_Forge_Tasks\Manger_and_Proj_Owner_tasks\Dictionary_Configuration\Input_Systems_tab_tasks\Input_Systems_tab_tasks_overview.htm
Language_Forge_Tasks\Manger_and_Proj_Owner_tasks\Dictionary_Configuration\Input_Systems_tab_tasks\Set_the_language_direction.htm
Language_Forge_Tasks\Manger_and_Proj_Owner_tasks\Dictionary_Configuration\Options_Lists_tab_tasks\Add_an_item_to_an_Option_List.htm
Language_Forge_Tasks\Manger_and_Proj_Owner_tasks\Dictionary_Configuration\Options_Lists_tab_tasks\Option_Lists_tab_tasks_overview.htm
Language_Forge_Tasks\Manger_and_Proj_Owner_tasks\Dictionary_Configuration\Tasks_tab_tasks\Set_up_a_Dashboard.htm
Language_Forge_Tasks\Manger_and_Proj_Owner_tasks\Dictionary_Configuration\Tasks_tab_tasks\Set_up_Gather_Words_from_Semantic_Domains.htm
Language_Forge_Tasks\Manger_and_Proj_Owner_tasks\Dictionary_Configuration\Tasks_tab_tasks\Tasks_tab_tasks_overview.htm
Language_Forge_Tasks\Manger_and_Proj_Owner_tasks\Import_Export\Import___Export_overview.htm
Language_Forge_Tasks\Manger_and_Proj_Owner_tasks\Manage_Project\Manage_Project_overview.htm
Language_Forge_Tasks\Manger_and_Proj_Owner_tasks\Manager_and_Project_Owner_tasks_overview.htm
Language_Forge_Tasks\Manger_and_Proj_Owner_tasks\Project_Settings\Project_Settings_overview.htm
Language_Forge_Tasks\Manger_and_Proj_Owner_tasks\Project_Settings\Use_the_Project_Properties_tab.htm
Language_Forge_Tasks\Manger_and_Proj_Owner_tasks\Start_or_Join_a_New_Project.htm
Language_Forge_Tasks\Manger_and_Proj_Owner_tasks\User_Management\Add_Members.htm
Language_Forge_Tasks\Manger_and_Proj_Owner_tasks\User_Management\Choose_a_role.htm
Language_Forge_Tasks\Manger_and_Proj_Owner_tasks\User_Management\Member_List_Filter.htm
Language_Forge_Tasks\Manger_and_Proj_Owner_tasks\User_Management\Remove_Members.htm
Language_Forge_Tasks\Manger_and_Proj_Owner_tasks\User_Management\User_Management_overview.htm
Language_Forge_Tasks\Manger_and_Proj_Owner_tasks\User_Management\Work_with_Join_Requests.htm
Language_Forge_Tasks\Manger_and_Proj_Owner_tasks\View_Settings\Add_Member_Specific_Settings.htm
Language_Forge_Tasks\Manger_and_Proj_Owner_tasks\View_Settings\Enable_Fields.htm
Language_Forge_Tasks\Manger_and_Proj_Owner_tasks\View_Settings\Enable_Tasks.htm
Language_Forge_Tasks\Manger_and_Proj_Owner_tasks\View_Settings\View_Settings_overview.htm
Language_Forge_Tasks\Observer_tasks\Observer_tasks_overview.htm
Language_Forge_Tasks\Observer_tasks\Search_for_entry.htm
Language_Forge_Tasks\Observer_with_comments_tasks\Add_Comments.htm
Language_Forge_Tasks\Observer_with_comments_tasks\Edit_a_comment.htm
Language_Forge_Tasks\Observer_with_comments_tasks\Mark_a_comment.htm
Language_Forge_Tasks\Observer_with_comments_tasks\Observer_with_Comments_tasks_overview.htm
Language_Forge_Tasks\Observer_with_comments_tasks\Reply_to_a_comment.htm
Overview\Copyright_and_license.htm
Overview\Frequently_Asked_Questions.htm
Overview\Getting_Started.htm
Overview\Language_Forge_overview.htm
index.glo
template\Theme3_Black\jquery.js
template\Theme3_Black\jqueryui-custom.js
template\Theme3_Black\layout.js
template\Theme3_Black\overthrow.min.js
template\Theme3_Black\overthrow.sidescroller.min.js
Help.css
template\Theme3_Black\main.css
template\Theme3_Black\jqueryui-custom.css
template\Theme3_Black\preview\mobile_navigation.png
Language_Forge_Tasks\Manger_and_Proj_Owner_tasks\Dictionary_Configuration\Input_Systems_tab_tasks\NewButton.png
Language_Forge_Tasks\Manger_and_Proj_Owner_tasks\Dictionary_Configuration\Input_Systems_tab_tasks\AddButtonBlue.png
Concepts\MyProjectsButtonBlue.png
Language_Forge_Tasks\AddMemberSpecificSettingsButton.png
template\Theme3_Black\topic_right.png
template\Theme3_Black\home.png
template\Theme3_Black\logo.png
template\Theme3_Black\ui-bg_glass_95_fef1ec_1x400.png
template\Theme3_Black\ui-bg_glass_75_d0e5f5_1x400.png
template\Theme3_Black\ui-bg_glass_85_dfeffc_1x400.png
template\Theme3_Black\to_top.png
template\Theme3_Black\preview\specialpage.png
Language_Forge_Tasks\Contributor_tasks\DeleteWordButton.png
template\Theme3_Black\Print.png
template\Theme3_Black\index.png
template\Theme3_Black\searchNext.png
template\Theme3_Black\TOCNodeUpSmall.png
template\Theme3_Black\topic.png
template\Theme3_Black\preview\index_mobile.png
Language_Forge_Tasks\Observer_with_comments_tasks\EditButton.png
Concepts\BreadcrumbsTESTExample.png
Concepts\NewDictionaryButton.png
Language_Forge_Tasks\DownArrowButton.png
Language_Forge_Tasks\ClearedCheckBox.png
template\Theme3_Black\TOCTreeLinkHover.png
template\Theme3_Black\TOCTreeOpenBook.png
template\Theme3_Black\TOCTreeCloseBook.png
template\Theme3_Black\ui-bg_gloss-wave_55_5c9ccc_500x100.png
template\Theme3_Black\TOCNodeOpenBook.png
template\Theme3_Black\TOCNodeCloseBook.png
template\Theme3_Black\open_sidebar.png
template\Theme3_Black\icon_back_small.png
template\Theme3_Black\glo_buttonbar.png
Language_Forge_Tasks\Manger_and_Proj_Owner_tasks\User_Management\CreateNewMemberButton.png
Language_Forge_Tasks\Manger_and_Proj_Owner_tasks\Dictionary_Configuration\Options_Lists_tab_tasks\NewValueTextBox.png
Language_Forge_Tasks\Observer_with_comments_tasks\CommentButton.png
Language_Forge_Tasks\Manager_tasks\AddButtonBlue.png
Concepts\LIstButton.png
template\Theme3_Black\TOCTreeOpenBookHover.png
template\Theme3_Black\ui-bg_flat_55_fbec88_40x100.png
template\Theme3_Black\search_advanced_closed.png
template\Theme3_Black\glo_buttonbar_hover.png
template\Theme3_Black\index_buttonbar.png
template\Theme3_Black\toc_buttonbar_hover.png
template\Theme3_Black\preview\search.png
template\Theme3_Black\preview\global.png
template\Theme3_Black\preview\functionbar.png
template\Theme3_Black\preview\header.png
Language_Forge_Tasks\Observer_with_comments_tasks\PostButton.png
Concepts\EditButton.png
template\Theme3_Black\BSNext.png
template\Theme3_Black\TOCTreeLink.png
template\Theme3_Black\TOCTreeLinkSelected.png
template\Theme3_Black\TOCTreeCloseBookHover.png
template\Theme3_Black\index_hover.png
template\Theme3_Black\ui-bg_flat_0_aaaaaa_40x100.png
template\Theme3_Black\TOCNodeLink.png
template\Theme3_Black\topic_buttonbar_small.png
template\Theme3_Black\index_buttonbar_small.png
template\Theme3_Black\index_buttonbar_hover.png
template\Theme3_Black\preview\glossary_mobile.png
Language_Forge_Tasks\Manger_and_Proj_Owner_tasks\User_Management\AddExistingMemberbutton.png
Language_Forge_Tasks\Manger_and_Proj_Owner_tasks\Dictionary_Configuration\Fields_tab_tasks\ShowAllFieldsButton.png
Concepts\StartOrJoinButton.png
Concepts\ActivityButton.png
Important_Icon.gif
template\Theme3_Black\ui-bg_inset-hard_100_f5f8f9_1x100.png
template\Theme3_Black\ui-bg_inset-hard_100_fcfdfd_1x100.png
template\Theme3_Black\glo_buttonbar_small.png
template\Theme3_Black\toc_buttonbar_small.png
template\Theme3_Black\search_buttonbar.png
Language_Forge_Tasks\Contributor_tasks\AddWordButton.png
Language_Forge_Tasks\Manager_tasks\BrowseButton.png
Language_Forge_Tasks\Savebutton.png
template\Theme3_Black\TOCTreePageHover.png
template\Theme3_Black\animated-overlay.gif
template\Theme3_Black\preview\tocnode.png
template\Theme3_Black\preview\toctree.png
Language_Forge_Tasks\Observer_with_comments_tasks\SpeechBubbleIcon.png
Language_Forge_Tasks\Manager_tasks\NextButton.png
Warning_Icon.gif
template\Theme3_Black\select_button.png
template\Theme3_Black\search_buttonbar_small.png
template\Theme3_Black\search_buttonbar_hover.png
Language_Forge_Tasks\Observer_with_comments_tasks\OKButton.png
Language_Forge_Tasks\Manager_tasks\ShowAllFieldsButton.png
Concepts\MyProjectsBreadCrumb.png
template\Theme3_Black\topic_left.png
template\Theme3_Black\glo_hover.png
template\Theme3_Black\TOCTreePage.png
template\Theme3_Black\Search.png
template\Theme3_Black\toc_hover.png
template\Theme3_Black\TOCNodePage.png
template\Theme3_Black\search_hover_buttonbar_small.png
template\Theme3_Black\switch.png
Language_Forge_Tasks\Manger_and_Proj_Owner_tasks\Dictionary_Configuration\Input_Systems_tab_tasks\SelectedCheckBox.png
Language_Forge_Tasks\SelectedCheckBox.png
template\Theme3_Black\BSBack.png
template\Theme3_Black\TOCTreeOpenBookSelected.png
template\Theme3_Black\TOCNodeUp.png
template\Theme3_Black\close_sidebar.png
Language_Forge_Tasks\Manger_and_Proj_Owner_tasks\Dictionary_Configuration\Input_Systems_tab_tasks\ApplyButton.png
Language_Forge_Tasks\Manger_and_Proj_Owner_tasks\Dictionary_Configuration\Input_Systems_tab_tasks\MoreButton.png
SIL_Logo.png
Note_Icon.gif
template\Theme3_Black\home_hover.png
template\Theme3_Black\glo_hover_buttonbar_small.png
template\Theme3_Black\toc_hover_buttonbar_small.png
template\Theme3_Black\preview\index.png
Language_Forge_Tasks\Manger_and_Proj_Owner_tasks\Dictionary_Configuration\Input_Systems_tab_tasks\SearchButton.png
Language_Forge_Tasks\Observer_with_comments_tasks\Resolved_icon.png
Language_Forge_Tasks\Manager_tasks\DictionaryButton.png
Language_Forge_Tasks\Manager_tasks\SelectButton.png
Concepts\ShowOnlyMyActivityButton.png
template\Theme3_Black\TOCTreeCloseBookSelected.png
template\Theme3_Black\index_hover_buttonbar_small.png
Language_Forge_Tasks\Contributor_tasks\SaveEntryButton.png
Language_Forge_Tasks\Manger_and_Proj_Owner_tasks\Dictionary_Configuration\Input_Systems_tab_tasks\ClearedCheckBox.png
Concepts\ActivityButtonGRAY.png
template\Theme3_Black\TOCTreePageSelected.png
template\Theme3_Black\preview\glossary.png
template\Theme3_Black\preview\sidebar.png
Language_Forge_Tasks\Manger_and_Proj_Owner_tasks\User_Management\RoleDownArrowButton.png
Language_Forge_Tasks\Observer_with_comments_tasks\UpdateButton.png
template\Theme3_Black\BSNext_hover.png
template\Theme3_Black\BSBack_hover.png
Language_Forge_Tasks\Manger_and_Proj_Owner_tasks\User_Management\AddMembersButton.png
Language_Forge_Tasks\Observer_with_comments_tasks\ReplyButton.png
Language_Forge_Tasks\SettingsButton.png
template\Theme3_Black\glo.png
template\Theme3_Black\toc.png
template\Theme3_Black\searchBack.png
template\Theme3_Black\search_advanced_open.png
Language_Forge_Tasks\Manger_and_Proj_Owner_tasks\User_Management\RemoveMemberButton.png
Language_Forge_Tasks\Manager_tasks\SkipButton.png
Concepts\BreadcrumbsExample.png
Language_Forge_Tasks\UpArrowButton.png
template\Theme3_Black\Print_hover.png
template\Theme3_Black\topic_hover.png
template\Theme3_Black\toc_buttonbar.png
Language_Forge_Tasks\Manger_and_Proj_Owner_tasks\Dictionary_Configuration\ApplyButton.png
Language_Forge_Tasks\Observer_with_comments_tasks\ToDo_icon.png
Language_Forge_Tasks\Manager_tasks\SendReceiveButton.png
Language_Forge_Tasks\Manager_tasks\BackButton.png
Concepts\AllActivityButton.png
Language_Forge_Tasks\EnabledIcon.png
RoboHHRE.lng
ehlpdhtm.js
SearchOptions.xml
index.ppf
whxdata\toc1.js
whxdata\toc2.js
whxdata\toc6.js
whxdata\toc7.js
whxdata\toc8.js
whxdata\toc9.js
whxdata\toc5.js
whxdata\toc10.js
whxdata\toc11.js
whxdata\toc12.js
whxdata\toc13.js
whxdata\toc4.js
whxdata\toc14.js
whxdata\toc15.js
whxdata\toc16.js
whxdata\toc17.js
whxdata\toc3.js
whxdata\toc.js
whxdata\idata1.js
whxdata\idata2.js
whxdata\idx.js
whxdata\glo.js
whxdata\package_0_xml.js
whxdata\package_1_xml.js
whxdata\package_2_xml.js
whxdata\package_3_xml.js
whxdata\package_4_xml.js
whxdata\package_5_xml.js
whxdata\packageindex_xml.js
whxdata\synonym.xml
whxdata\synonym_xml.js
whxdata\topictable_0_xml.js
whxdata\topictable_1_xml.js
whxdata\topictableindex_xml.js
whxdata\whfts.xml
whxdata\whfts_xml.js
whxdata\csh.js
whxdata\window.js
projectdata.js
